<?xml version="1.0" encoding="UTF-8"?>
<!-- Generated by org.testng.reporters.JUnitReportReporter -->
<testsuite hostname="DESKTOP-SDTGPN5" failures="0" tests="1" name="smokeTest.loginPage" time="10.110" errors="0" timestamp="2024-02-07T20:45:46 IST" skipped="0">
  <testcase classname="smokeTest.loginPage" name="login" time="10.110"/>
  <system-out/>
</testsuite> <!-- smokeTest.loginPage -->
