<?xml version="1.0" encoding="UTF-8"?>
<!-- Generated by org.testng.reporters.JUnitReportReporter -->
<testsuite hostname="DESKTOP-SDTGPN5" failures="0" tests="5" name="smokeTest.homePage" time="3.487" errors="0" timestamp="2024-01-30T16:25:03 IST" skipped="4">
  <testcase classname="smokeTest.homePage" name="myTest4" time="3.487"/>
  <system-out/>
  <testcase classname="smokeTest.homePage" name="filter">
    <skipped/>
  </testcase> <!-- filter -->
  <system-out/>
  <testcase classname="smokeTest.homePage" name="myTest3">
    <skipped/>
  </testcase> <!-- myTest3 -->
  <system-out/>
  <testcase classname="smokeTest.homePage" name="myTest2">
    <skipped/>
  </testcase> <!-- myTest2 -->
  <system-out/>
  <testcase classname="smokeTest.homePage" name="myTest">
    <skipped/>
  </testcase> <!-- myTest -->
  <system-out/>
</testsuite> <!-- smokeTest.homePage -->
