<?xml version="1.0" encoding="UTF-8"?>
<!-- Generated by org.testng.reporters.JUnitReportReporter -->
<testsuite hostname="DESKTOP-SDTGPN5" failures="0" tests="1" name="smokeTest.searchFunctionality" time="1.512" errors="0" timestamp="2024-02-02T20:59:31 IST" skipped="0">
  <testcase classname="smokeTest.searchFunctionality" name="searchItems" time="1.512"/>
  <system-out/>
</testsuite> <!-- smokeTest.searchFunctionality -->
